2021-11-12 09:38:47.658 [main] INFO  com.wantbchack.business.BusinessApplication - Starting BusinessApplication on LAPTOP-0UIGFGDO with PID 20812 (C:\Users\wantbchack\Desktop\wantbchack-demo\demo-init\target\classes started by wantbchack in C:\Users\wantbchack\Desktop\wantbchack-demo) 
2021-11-12 09:38:47.668 [main] INFO  com.wantbchack.business.BusinessApplication - No active profile set, falling back to default profiles: default 
2021-11-12 09:38:48.301 [main] INFO  org.springframework.data.repository.config.RepositoryConfigurationDelegate - Bootstrapping Spring Data repositories in DEFAULT mode. 
2021-11-12 09:38:48.323 [main] INFO  org.springframework.data.repository.config.RepositoryConfigurationDelegate - Finished Spring Data repository scanning in 15ms. Found 0 repository interfaces. 
2021-11-12 09:38:48.619 [main] INFO  org.springframework.context.support.PostProcessorRegistrationDelegate$BeanPostProcessorChecker - Bean 'org.springframework.transaction.annotation.ProxyTransactionManagementConfiguration' of type [org.springframework.transaction.annotation.ProxyTransactionManagementConfiguration$$EnhancerBySpringCGLIB$$12be47b2] is not eligible for getting processed by all BeanPostProcessors (for example: not eligible for auto-proxying) 
2021-11-12 09:38:49.188 [main] INFO  org.springframework.boot.web.embedded.tomcat.TomcatWebServer - Tomcat initialized with port(s): 8888 (http) 
2021-11-12 09:38:49.210 [main] INFO  org.apache.coyote.http11.Http11NioProtocol - Initializing ProtocolHandler ["http-nio-8888"] 
2021-11-12 09:38:49.218 [main] INFO  org.apache.catalina.core.StandardService - Starting service [Tomcat] 
2021-11-12 09:38:49.218 [main] INFO  org.apache.catalina.core.StandardEngine - Starting Servlet Engine: Apache Tomcat/9.0.12 
2021-11-12 09:38:49.227 [main] INFO  org.apache.catalina.core.AprLifecycleListener - The APR based Apache Tomcat Native library which allows optimal performance in production environments was not found on the java.library.path: [C:\Program Files\Java\jdk1.8.0_251\bin;C:\Windows\Sun\Java\bin;C:\Windows\system32;C:\Windows;C:\Program Files (x86)\Common Files\Oracle\Java\javapath;C:\Windows\system32;C:\Windows;C:\Windows\System32\Wbem;C:\Windows\System32\WindowsPowerShell\v1.0\;C:\Windows\System32\OpenSSH\;C:\Program Files\Git\cmd;C:\Program Files\TortoiseSVN\bin;D:\gradle-4.2\bin;C:\Program Files\MySQL\MySQL Server 5.5\bin;C:\Program Files\Go\bin;C:\Program Files\Go\bin;C:\Program Files\nodejs\;C:\Program Files\MySQL\MySQL Server 8.0\bin;C:\Users\wantbchack\AppData\Local\Programs\Python\Python38\Scripts\;C:\Users\wantbchack\AppData\Local\Programs\Python\Python38\;C:\Users\wantbchack\AppData\Local\Microsoft\WindowsApps;C:\Program Files\Bandizip\;C:\Users\wantbchack\go\bin;C:\Users\wantbchack\AppData\Roaming\npm;D:\Microsoft VS Code\bin;D:\Fiddler;D:\DataGrip 2021.2.4\bin;;.] 
2021-11-12 09:38:49.416 [main] INFO  org.apache.catalina.core.ContainerBase.[Tomcat].[localhost].[/] - Initializing Spring embedded WebApplicationContext 
2021-11-12 09:38:49.417 [main] INFO  org.springframework.web.context.ContextLoader - Root WebApplicationContext: initialization completed in 1706 ms 
2021-11-12 09:38:49.509 [main] INFO  org.springframework.boot.web.servlet.ServletRegistrationBean - Servlet dispatcherServlet mapped to [/] 
2021-11-12 09:38:49.514 [main] INFO  org.springframework.boot.web.servlet.FilterRegistrationBean - Mapping filter: 'characterEncodingFilter' to: [/*] 
2021-11-12 09:38:49.514 [main] INFO  org.springframework.boot.web.servlet.FilterRegistrationBean - Mapping filter: 'hiddenHttpMethodFilter' to: [/*] 
2021-11-12 09:38:49.514 [main] INFO  org.springframework.boot.web.servlet.FilterRegistrationBean - Mapping filter: 'formContentFilter' to: [/*] 
2021-11-12 09:38:49.514 [main] INFO  org.springframework.boot.web.servlet.FilterRegistrationBean - Mapping filter: 'requestContextFilter' to: [/*] 
2021-11-12 09:38:49.514 [main] INFO  org.springframework.boot.web.servlet.FilterRegistrationBean - Mapping filter: 'fristFiilter' to urls: [/*] 
2021-11-12 09:38:49.658 [main] INFO  com.zaxxer.hikari.HikariDataSource - HikariPool-1 - Starting... 
2021-11-12 09:38:50.521 [main] INFO  com.zaxxer.hikari.HikariDataSource - HikariPool-1 - Start completed. 
2021-11-12 09:38:50.566 [main] INFO  org.hibernate.jpa.internal.util.LogHelper - HHH000204: Processing PersistenceUnitInfo [
	name: default
	...] 
2021-11-12 09:38:50.624 [main] INFO  org.hibernate.Version - HHH000412: Hibernate Core {5.3.7.Final} 
2021-11-12 09:38:50.625 [main] INFO  org.hibernate.cfg.Environment - HHH000206: hibernate.properties not found 
2021-11-12 09:38:50.758 [main] INFO  org.hibernate.annotations.common.Version - HCANN000001: Hibernate Commons Annotations {5.0.4.Final} 
2021-11-12 09:38:50.883 [main] INFO  org.hibernate.dialect.Dialect - HHH000400: Using dialect: org.hibernate.dialect.MySQL5Dialect 
2021-11-12 09:38:51.122 [main] INFO  org.springframework.orm.jpa.LocalContainerEntityManagerFactoryBean - Initialized JPA EntityManagerFactory for persistence unit 'default' 
2021-11-12 09:38:51.284 [main] INFO  org.springframework.scheduling.concurrent.ThreadPoolTaskExecutor - Initializing ExecutorService 'applicationTaskExecutor' 
2021-11-12 09:38:51.314 [main] WARN  org.springframework.boot.autoconfigure.orm.jpa.JpaBaseConfiguration$JpaWebConfiguration$JpaWebMvcConfiguration - spring.jpa.open-in-view is enabled by default. Therefore, database queries may be performed during view rendering. Explicitly configure spring.jpa.open-in-view to disable this warning 
2021-11-12 09:38:51.428 [main] INFO  org.apache.coyote.http11.Http11NioProtocol - Starting ProtocolHandler ["http-nio-8888"] 
2021-11-12 09:38:51.434 [main] INFO  org.apache.tomcat.util.net.NioSelectorPool - Using a shared selector for servlet write/read 
2021-11-12 09:38:51.447 [main] INFO  org.springframework.boot.web.embedded.tomcat.TomcatWebServer - Tomcat started on port(s): 8888 (http) with context path '' 
2021-11-12 09:38:51.449 [main] INFO  com.wantbchack.business.BusinessApplication - Started BusinessApplication in 4.459 seconds (JVM running for 5.585) 
2021-11-12 09:38:51.450 [main] INFO  com.wantbchack.business.BusinessApplication - demoTask start success!!!!! 
2021-11-12 09:39:55.878 [main] INFO  com.wantbchack.business.BusinessApplication - Starting BusinessApplication on LAPTOP-0UIGFGDO with PID 1336 (C:\Users\wantbchack\Desktop\wantbchack-demo\demo-init\target\classes started by wantbchack in C:\Users\wantbchack\Desktop\wantbchack-demo) 
2021-11-12 09:39:55.882 [main] INFO  com.wantbchack.business.BusinessApplication - No active profile set, falling back to default profiles: default 
